Build started 2015-02-28 13:47:22.
     1>Project "C:\Users\DualCore\Dropbox\Projekty\XBot\BOT\xbot_vs2014\xbot.vcxproj" on node 2 (Build target(s)).
     1>ClCompile:
         C:\Program Files (x86)\Microsoft Visual Studio 12.0\VC\bin\CL.exe /c /Zi /nologo /W3 /WX- /O2 /Oi /Oy- /GL /D WIN32 /D NDEBUG /D _WINDOWS /D _UNICODE /D UNICODE /Gm- /EHsc /MT /GS /Gy /fp:precise /Zc:wchar_t /Zc:forScope /Fo"Release\\" /Fd"Release\vc120.pdb" /Gd /TP /analyze- /errorReport:prompt Machine_info.cpp
         Machine_info.cpp
       Link:
         C:\Program Files (x86)\Microsoft Visual Studio 12.0\VC\bin\link.exe /ERRORREPORT:PROMPT /OUT:"C:\Users\DualCore\Dropbox\Projekty\XBot\BOT\xbot_vs2014\Release\xbot.exe" /INCREMENTAL:NO /NOLOGO kernel32.lib user32.lib gdi32.lib winspool.lib comdlg32.lib advapi32.lib shell32.lib ole32.lib oleaut32.lib uuid.lib odbc32.lib odbccp32.lib /MANIFEST /MANIFESTUAC:"level='asInvoker' uiAccess='false'" /manifest:embed /DEBUG /PDB:"C:\Users\DualCore\Dropbox\Projekty\XBot\BOT\xbot_vs2014\Release\xbot.pdb" /SUBSYSTEM:WINDOWS /OPT:REF /OPT:ICF /LTCG /TLBID:1 /DYNAMICBASE /NXCOMPAT /IMPLIB:"C:\Users\DualCore\Dropbox\Projekty\XBot\BOT\xbot_vs2014\Release\xbot.lib" /MACHINE:X86 /SAFESEH Release\BypassKIT.obj
         Release\Command.obj
         Release\Connection.obj
         Release\Installation.obj
         Release\Machine_info.obj
         Release\MXBot.obj
         Release\SHA256.obj
         Release\stdafx.obj
         Release\xbot.obj
         Generating code
         Finished generating code
         xbot.vcxproj -> C:\Users\DualCore\Dropbox\Projekty\XBot\BOT\xbot_vs2014\Release\xbot.exe
     1>Done Building Project "C:\Users\DualCore\Dropbox\Projekty\XBot\BOT\xbot_vs2014\xbot.vcxproj" (Build target(s)).

Build succeeded.

Time Elapsed 00:00:01.43
