Build started 2015-01-11 16:49:53.
     1>Project "C:\Users\DualCore\Dropbox\Projekty\XBot\BOT\xbotUpdater\xbotUpdater\xbotUpdater.vcxproj" on node 2 (Build target(s)).
     1>ClCompile:
         C:\Program Files (x86)\Microsoft Visual Studio 12.0\VC\bin\CL.exe /c /Zi /nologo /W3 /WX- /O2 /Oi /Oy- /GL /D WIN32 /D NDEBUG /D _WINDOWS /D _UNICODE /D UNICODE /Gm- /EHsc /MD /GS /Gy /fp:precise /Zc:wchar_t /Zc:forScope /Fo"Release\\" /Fd"Release\vc120.pdb" /Gd /TP /analyze- /errorReport:prompt Connection.cpp MD5.cpp stdafx.cpp updater.cpp
         Connection.cpp
     1>Connection.cpp(21): warning C4996: 'inet_addr': Use inet_pton() or InetPton() instead or define _WINSOCK_DEPRECATED_NO_WARNINGS to disable deprecated API warnings
                 C:\Program Files (x86)\Windows Kits\8.1\Include\um\winsock2.h(1850) : see declaration of 'inet_addr'
     1>Connection.cpp(41): warning C4018: '<' : signed/unsigned mismatch
         MD5.cpp
     1>MD5.cpp(342): warning C4996: 'sprintf': This function or variable may be unsafe. Consider using sprintf_s instead. To disable deprecation, use _CRT_SECURE_NO_WARNINGS. See online help for details.
                 C:\Program Files (x86)\Microsoft Visual Studio 12.0\VC\include\stdio.h(356) : see declaration of 'sprintf'
         stdafx.cpp
         updater.cpp
       Link:
         C:\Program Files (x86)\Microsoft Visual Studio 12.0\VC\bin\link.exe /ERRORREPORT:PROMPT /OUT:"C:\Users\DualCore\Dropbox\Projekty\XBot\BOT\xbotUpdater\Release\xbotUpdater.exe" /INCREMENTAL:NO /NOLOGO kernel32.lib user32.lib gdi32.lib winspool.lib comdlg32.lib advapi32.lib shell32.lib ole32.lib oleaut32.lib uuid.lib odbc32.lib odbccp32.lib /MANIFEST /MANIFESTUAC:"level='asInvoker' uiAccess='false'" /manifest:embed /DEBUG /PDB:"C:\Users\DualCore\Dropbox\Projekty\XBot\BOT\xbotUpdater\Release\xbotUpdater.pdb" /SUBSYSTEM:WINDOWS /OPT:REF /OPT:ICF /LTCG /TLBID:1 /DYNAMICBASE /NXCOMPAT /IMPLIB:"C:\Users\DualCore\Dropbox\Projekty\XBot\BOT\xbotUpdater\Release\xbotUpdater.lib" /MACHINE:X86 /SAFESEH Release\Connection.obj
         Release\MD5.obj
         Release\stdafx.obj
         Release\updater.obj
         Generating code
     1>c:\users\dualcore\dropbox\projekty\xbot\bot\xbotupdater\xbotupdater\updater.cpp(37): warning C4700: uninitialized local variable 'buf' used
     1>c:\users\dualcore\dropbox\projekty\xbot\bot\xbotupdater\xbotupdater\updater.cpp(41): warning C4700: uninitialized local variable 'buf2' used
         Finished generating code
         xbotUpdater.vcxproj -> C:\Users\DualCore\Dropbox\Projekty\XBot\BOT\xbotUpdater\Release\xbotUpdater.exe
     1>Done Building Project "C:\Users\DualCore\Dropbox\Projekty\XBot\BOT\xbotUpdater\xbotUpdater\xbotUpdater.vcxproj" (Build target(s)).

Build succeeded.

Time Elapsed 00:00:02.45
